<?xml version="1.0" encoding="UTF-8"?>
<coverage generated="1608919851916" clover="3.2.0">
  <project timestamp="1608919851916" name="All files">
    <metrics statements="34" coveredstatements="34" conditionals="2" coveredconditionals="2" methods="18" coveredmethods="18" elements="54" coveredelements="54" complexity="0" loc="34" ncloc="34" packages="3" files="9" classes="9"/>
    <package name="RecetarioCocina">
      <metrics statements="3" coveredstatements="3" conditionals="0" coveredconditionals="0" methods="1" coveredmethods="1"/>
      <file name="App.js" path="D:\Brightcoders\kata-03-recetario-de-cocina-team-nov-001\RecetarioCocina\App.js">
        <metrics statements="3" coveredstatements="3" conditionals="0" coveredconditionals="0" methods="1" coveredmethods="1"/>
        <line num="14" count="1" type="stmt"/>
        <line num="15" count="1" type="stmt"/>
        <line num="16" count="1" type="stmt"/>
      </file>
    </package>
    <package name="RecetarioCocina.src.components">
      <metrics statements="25" coveredstatements="25" conditionals="2" coveredconditionals="2" methods="14" coveredmethods="14"/>
      <file name="DishDetails.js" path="D:\Brightcoders\kata-03-recetario-de-cocina-team-nov-001\RecetarioCocina\src\components\DishDetails.js">
        <metrics statements="5" coveredstatements="5" conditionals="0" coveredconditionals="0" methods="3" coveredmethods="3"/>
        <line num="4" count="3" type="stmt"/>
        <line num="5" count="2" type="stmt"/>
        <line num="13" count="2" type="stmt"/>
        <line num="15" count="2" type="stmt"/>
        <line num="24" count="3" type="stmt"/>
      </file>
      <file name="Icons.js" path="D:\Brightcoders\kata-03-recetario-de-cocina-team-nov-001\RecetarioCocina\src\components\Icons.js">
        <metrics statements="6" coveredstatements="6" conditionals="2" coveredconditionals="2" methods="4" coveredmethods="4"/>
        <line num="5" count="4" type="stmt"/>
        <line num="6" count="4" type="stmt"/>
        <line num="7" count="4" type="stmt"/>
        <line num="9" count="1" type="stmt"/>
        <line num="18" count="1" type="stmt"/>
        <line num="29" count="4" type="stmt"/>
      </file>
      <file name="Image.js" path="D:\Brightcoders\kata-03-recetario-de-cocina-team-nov-001\RecetarioCocina\src\components\Image.js">
        <metrics statements="3" coveredstatements="3" conditionals="0" coveredconditionals="0" methods="1" coveredmethods="1"/>
        <line num="5" count="3" type="stmt"/>
        <line num="6" count="2" type="stmt"/>
        <line num="19" count="3" type="stmt"/>
      </file>
      <file name="ListItem.js" path="D:\Brightcoders\kata-03-recetario-de-cocina-team-nov-001\RecetarioCocina\src\components\ListItem.js">
        <metrics statements="6" coveredstatements="6" conditionals="0" coveredconditionals="0" methods="4" coveredmethods="4"/>
        <line num="10" count="2" type="stmt"/>
        <line num="11" count="3" type="stmt"/>
        <line num="17" count="22" type="stmt"/>
        <line num="19" count="22" type="stmt"/>
        <line num="21" count="1" type="stmt"/>
        <line num="31" count="2" type="stmt"/>
      </file>
      <file name="SearchBar.js" path="D:\Brightcoders\kata-03-recetario-de-cocina-team-nov-001\RecetarioCocina\src\components\SearchBar.js">
        <metrics statements="2" coveredstatements="2" conditionals="0" coveredconditionals="0" methods="1" coveredmethods="1"/>
        <line num="5" count="1" type="stmt"/>
        <line num="19" count="1" type="stmt"/>
      </file>
      <file name="Titles.js" path="D:\Brightcoders\kata-03-recetario-de-cocina-team-nov-001\RecetarioCocina\src\components\Titles.js">
        <metrics statements="3" coveredstatements="3" conditionals="0" coveredconditionals="0" methods="1" coveredmethods="1"/>
        <line num="4" count="4" type="stmt"/>
        <line num="5" count="3" type="stmt"/>
        <line num="12" count="4" type="stmt"/>
      </file>
    </package>
    <package name="RecetarioCocina.src.screens">
      <metrics statements="6" coveredstatements="6" conditionals="0" coveredconditionals="0" methods="3" coveredmethods="3"/>
      <file name="Details.js" path="D:\Brightcoders\kata-03-recetario-de-cocina-team-nov-001\RecetarioCocina\src\screens\Details.js">
        <metrics statements="1" coveredstatements="1" conditionals="0" coveredconditionals="0" methods="1" coveredmethods="1"/>
        <line num="6" count="1" type="stmt"/>
      </file>
      <file name="Index.js" path="D:\Brightcoders\kata-03-recetario-de-cocina-team-nov-001\RecetarioCocina\src\screens\Index.js">
        <metrics statements="5" coveredstatements="5" conditionals="0" coveredconditionals="0" methods="2" coveredmethods="2"/>
        <line num="7" count="1" type="stmt"/>
        <line num="8" count="1" type="stmt"/>
        <line num="9" count="9" type="stmt"/>
        <line num="10" count="1" type="stmt"/>
        <line num="18" count="1" type="stmt"/>
      </file>
    </package>
  </project>
</coverage>
