{"D:\\Brightcoders\\kata-03-recetario-de-cocina-team-nov-001\\RecetarioCocina\\App.js": {"path":"D:\\Brightcoders\\kata-03-recetario-de-cocina-team-nov-001\\RecetarioCocina\\App.js","statementMap":{"0":{"start":{"line":14,"column":14},"end":{"line":14,"column":36}},"1":{"start":{"line":15,"column":12},"end":{"line":32,"column":1}},"2":{"start":{"line":16,"column":2},"end":{"line":31,"column":4}}},"fnMap":{"0":{"name":"(anonymous_0)","decl":{"start":{"line":15,"column":12},"end":{"line":15,"column":13}},"loc":{"start":{"line":15,"column":18},"end":{"line":32,"column":1}},"line":15}},"branchMap":{},"s":{"0":1,"1":1,"2":1},"f":{"0":1},"b":{},"_coverageSchema":"1a1c01bbd47fc00a2c39e90264f33305004495a9","hash":"be522b68169d26cbc959d954037937275126b256"}
,"D:\\Brightcoders\\kata-03-recetario-de-cocina-team-nov-001\\RecetarioCocina\\src\\components\\DishDetails.js": {"path":"D:\\Brightcoders\\kata-03-recetario-de-cocina-team-nov-001\\RecetarioCocina\\src\\components\\DishDetails.js","statementMap":{"0":{"start":{"line":4,"column":20},"end":{"line":23,"column":1}},"1":{"start":{"line":5,"column":2},"end":{"line":22,"column":4}},"2":{"start":{"line":13,"column":32},"end":{"line":13,"column":41}},"3":{"start":{"line":15,"column":10},"end":{"line":18,"column":17}},"4":{"start":{"line":24,"column":15},"end":{"line":48,"column":2}}},"fnMap":{"0":{"name":"(anonymous_0)","decl":{"start":{"line":4,"column":20},"end":{"line":4,"column":21}},"loc":{"start":{"line":4,"column":42},"end":{"line":23,"column":1}},"line":4},"1":{"name":"(anonymous_1)","decl":{"start":{"line":13,"column":22},"end":{"line":13,"column":23}},"loc":{"start":{"line":13,"column":32},"end":{"line":13,"column":41}},"line":13},"2":{"name":"(anonymous_2)","decl":{"start":{"line":14,"column":20},"end":{"line":14,"column":21}},"loc":{"start":{"line":15,"column":10},"end":{"line":18,"column":17}},"line":15}},"branchMap":{},"s":{"0":3,"1":2,"2":2,"3":2,"4":3},"f":{"0":2,"1":2,"2":2},"b":{},"_coverageSchema":"1a1c01bbd47fc00a2c39e90264f33305004495a9","hash":"6c89a55e6cd1c3e8e5b18613421124162c70030b"}
,"D:\\Brightcoders\\kata-03-recetario-de-cocina-team-nov-001\\RecetarioCocina\\src\\components\\Icons.js": {"path":"D:\\Brightcoders\\kata-03-recetario-de-cocina-team-nov-001\\RecetarioCocina\\src\\components\\Icons.js","statementMap":{"0":{"start":{"line":5,"column":14},"end":{"line":28,"column":1}},"1":{"start":{"line":6,"column":28},"end":{"line":6,"column":44}},"2":{"start":{"line":7,"column":2},"end":{"line":27,"column":4}},"3":{"start":{"line":9,"column":39},"end":{"line":9,"column":47}},"4":{"start":{"line":18,"column":25},"end":{"line":18,"column":50}},"5":{"start":{"line":18,"column":44},"end":{"line":18,"column":49}},"6":{"start":{"line":29,"column":15},"end":{"line":37,"column":2}}},"fnMap":{"0":{"name":"(anonymous_0)","decl":{"start":{"line":5,"column":14},"end":{"line":5,"column":15}},"loc":{"start":{"line":5,"column":28},"end":{"line":28,"column":1}},"line":5},"1":{"name":"(anonymous_1)","decl":{"start":{"line":9,"column":33},"end":{"line":9,"column":34}},"loc":{"start":{"line":9,"column":39},"end":{"line":9,"column":47}},"line":9},"2":{"name":"(anonymous_2)","decl":{"start":{"line":18,"column":19},"end":{"line":18,"column":20}},"loc":{"start":{"line":18,"column":25},"end":{"line":18,"column":50}},"line":18},"3":{"name":"(anonymous_3)","decl":{"start":{"line":18,"column":34},"end":{"line":18,"column":35}},"loc":{"start":{"line":18,"column":44},"end":{"line":18,"column":49}},"line":18}},"branchMap":{"0":{"loc":{"start":{"line":19,"column":11},"end":{"line":23,"column":11}},"type":"cond-expr","locations":[{"start":{"line":20,"column":12},"end":{"line":20,"column":77}},{"start":{"line":22,"column":12},"end":{"line":22,"column":76}}],"line":19}},"s":{"0":4,"1":4,"2":4,"3":1,"4":1,"5":1,"6":4},"f":{"0":4,"1":1,"2":1,"3":1},"b":{"0":[3,1]},"_coverageSchema":"1a1c01bbd47fc00a2c39e90264f33305004495a9","hash":"4ce96de4f52df6baed9259275b47af2c35b372ec"}
,"D:\\Brightcoders\\kata-03-recetario-de-cocina-team-nov-001\\RecetarioCocina\\src\\components\\Image.js": {"path":"D:\\Brightcoders\\kata-03-recetario-de-cocina-team-nov-001\\RecetarioCocina\\src\\components\\Image.js","statementMap":{"0":{"start":{"line":5,"column":14},"end":{"line":18,"column":1}},"1":{"start":{"line":6,"column":2},"end":{"line":17,"column":4}},"2":{"start":{"line":19,"column":15},"end":{"line":31,"column":2}}},"fnMap":{"0":{"name":"(anonymous_0)","decl":{"start":{"line":5,"column":14},"end":{"line":5,"column":15}},"loc":{"start":{"line":5,"column":46},"end":{"line":18,"column":1}},"line":5}},"branchMap":{},"s":{"0":3,"1":2,"2":3},"f":{"0":2},"b":{},"_coverageSchema":"1a1c01bbd47fc00a2c39e90264f33305004495a9","hash":"15f07e64cbedbdd74218e1bb8d9b0e01d8445d64"}
,"D:\\Brightcoders\\kata-03-recetario-de-cocina-team-nov-001\\RecetarioCocina\\src\\components\\ListItem.js": {"path":"D:\\Brightcoders\\kata-03-recetario-de-cocina-team-nov-001\\RecetarioCocina\\src\\components\\ListItem.js","statementMap":{"0":{"start":{"line":10,"column":17},"end":{"line":30,"column":1}},"1":{"start":{"line":11,"column":2},"end":{"line":29,"column":4}},"2":{"start":{"line":17,"column":32},"end":{"line":17,"column":41}},"3":{"start":{"line":19,"column":10},"end":{"line":25,"column":29}},"4":{"start":{"line":21,"column":27},"end":{"line":21,"column":61}},"5":{"start":{"line":31,"column":15},"end":{"line":58,"column":2}}},"fnMap":{"0":{"name":"(anonymous_0)","decl":{"start":{"line":10,"column":17},"end":{"line":10,"column":18}},"loc":{"start":{"line":10,"column":49},"end":{"line":30,"column":1}},"line":10},"1":{"name":"(anonymous_1)","decl":{"start":{"line":17,"column":22},"end":{"line":17,"column":23}},"loc":{"start":{"line":17,"column":32},"end":{"line":17,"column":41}},"line":17},"2":{"name":"(anonymous_2)","decl":{"start":{"line":18,"column":20},"end":{"line":18,"column":21}},"loc":{"start":{"line":19,"column":10},"end":{"line":25,"column":29}},"line":19},"3":{"name":"(anonymous_3)","decl":{"start":{"line":21,"column":21},"end":{"line":21,"column":22}},"loc":{"start":{"line":21,"column":27},"end":{"line":21,"column":61}},"line":21}},"branchMap":{},"s":{"0":2,"1":3,"2":22,"3":22,"4":1,"5":2},"f":{"0":3,"1":22,"2":22,"3":1},"b":{},"_coverageSchema":"1a1c01bbd47fc00a2c39e90264f33305004495a9","hash":"7ef2c807dc787432cb78c1d329085e265820bd65"}
,"D:\\Brightcoders\\kata-03-recetario-de-cocina-team-nov-001\\RecetarioCocina\\src\\components\\SearchBar.js": {"path":"D:\\Brightcoders\\kata-03-recetario-de-cocina-team-nov-001\\RecetarioCocina\\src\\components\\SearchBar.js","statementMap":{"0":{"start":{"line":5,"column":2},"end":{"line":17,"column":4}},"1":{"start":{"line":19,"column":15},"end":{"line":41,"column":2}}},"fnMap":{"0":{"name":"SearchBar","decl":{"start":{"line":4,"column":9},"end":{"line":4,"column":18}},"loc":{"start":{"line":4,"column":21},"end":{"line":18,"column":1}},"line":4}},"branchMap":{},"s":{"0":1,"1":1},"f":{"0":1},"b":{},"_coverageSchema":"1a1c01bbd47fc00a2c39e90264f33305004495a9","hash":"87a262e91320fac4c97af24ab4feb054ca8c8c1b"}
,"D:\\Brightcoders\\kata-03-recetario-de-cocina-team-nov-001\\RecetarioCocina\\src\\components\\Titles.js": {"path":"D:\\Brightcoders\\kata-03-recetario-de-cocina-team-nov-001\\RecetarioCocina\\src\\components\\Titles.js","statementMap":{"0":{"start":{"line":4,"column":15},"end":{"line":11,"column":1}},"1":{"start":{"line":5,"column":2},"end":{"line":10,"column":4}},"2":{"start":{"line":12,"column":15},"end":{"line":26,"column":2}}},"fnMap":{"0":{"name":"(anonymous_0)","decl":{"start":{"line":4,"column":15},"end":{"line":4,"column":16}},"loc":{"start":{"line":4,"column":34},"end":{"line":11,"column":1}},"line":4}},"branchMap":{},"s":{"0":4,"1":3,"2":4},"f":{"0":3},"b":{},"_coverageSchema":"1a1c01bbd47fc00a2c39e90264f33305004495a9","hash":"653be1869cbd0a4450dfb83d6498b007c04b0fb0"}
,"D:\\Brightcoders\\kata-03-recetario-de-cocina-team-nov-001\\RecetarioCocina\\src\\screens\\Details.js": {"path":"D:\\Brightcoders\\kata-03-recetario-de-cocina-team-nov-001\\RecetarioCocina\\src\\screens\\Details.js","statementMap":{"0":{"start":{"line":6,"column":2},"end":{"line":19,"column":4}}},"fnMap":{"0":{"name":"Details","decl":{"start":{"line":5,"column":9},"end":{"line":5,"column":16}},"loc":{"start":{"line":5,"column":58},"end":{"line":20,"column":1}},"line":5}},"branchMap":{},"s":{"0":1},"f":{"0":1},"b":{},"_coverageSchema":"1a1c01bbd47fc00a2c39e90264f33305004495a9","hash":"4947cfc111d27ef0ef7f9262c1eeae21e5748713"}
,"D:\\Brightcoders\\kata-03-recetario-de-cocina-team-nov-001\\RecetarioCocina\\src\\screens\\Index.js": {"path":"D:\\Brightcoders\\kata-03-recetario-de-cocina-team-nov-001\\RecetarioCocina\\src\\screens\\Index.js","statementMap":{"0":{"start":{"line":7,"column":15},"end":{"line":7,"column":44}},"1":{"start":{"line":8,"column":20},"end":{"line":8,"column":24}},"2":{"start":{"line":9,"column":24},"end":{"line":9,"column":65}},"3":{"start":{"line":9,"column":51},"end":{"line":9,"column":64}},"4":{"start":{"line":10,"column":2},"end":{"line":16,"column":4}},"5":{"start":{"line":18,"column":15},"end":{"line":23,"column":2}}},"fnMap":{"0":{"name":"Index","decl":{"start":{"line":6,"column":9},"end":{"line":6,"column":14}},"loc":{"start":{"line":6,"column":41},"end":{"line":17,"column":1}},"line":6},"1":{"name":"(anonymous_1)","decl":{"start":{"line":9,"column":39},"end":{"line":9,"column":40}},"loc":{"start":{"line":9,"column":51},"end":{"line":9,"column":64}},"line":9}},"branchMap":{},"s":{"0":1,"1":1,"2":1,"3":9,"4":1,"5":1},"f":{"0":1,"1":9},"b":{},"_coverageSchema":"1a1c01bbd47fc00a2c39e90264f33305004495a9","hash":"7c91d8e90b325a092d018a83072e26dc24067033"}
}
