TN:
SF:App.js
FN:15,(anonymous_0)
FNF:1
FNH:1
FNDA:1,(anonymous_0)
DA:14,1
DA:15,1
DA:16,1
LF:3
LH:3
BRF:0
BRH:0
end_of_record
TN:
SF:src\components\DishDetails.js
FN:4,(anonymous_0)
FN:13,(anonymous_1)
FN:14,(anonymous_2)
FNF:3
FNH:3
FNDA:2,(anonymous_0)
FNDA:2,(anonymous_1)
FNDA:2,(anonymous_2)
DA:4,3
DA:5,2
DA:13,2
DA:15,2
DA:24,3
LF:5
LH:5
BRF:0
BRH:0
end_of_record
TN:
SF:src\components\Icons.js
FN:5,(anonymous_0)
FN:9,(anonymous_1)
FN:18,(anonymous_2)
FN:18,(anonymous_3)
FNF:4
FNH:4
FNDA:4,(anonymous_0)
FNDA:1,(anonymous_1)
FNDA:1,(anonymous_2)
FNDA:1,(anonymous_3)
DA:5,4
DA:6,4
DA:7,4
DA:9,1
DA:18,1
DA:29,4
LF:6
LH:6
BRDA:19,0,0,3
BRDA:19,0,1,1
BRF:2
BRH:2
end_of_record
TN:
SF:src\components\Image.js
FN:5,(anonymous_0)
FNF:1
FNH:1
FNDA:2,(anonymous_0)
DA:5,3
DA:6,2
DA:19,3
LF:3
LH:3
BRF:0
BRH:0
end_of_record
TN:
SF:src\components\ListItem.js
FN:10,(anonymous_0)
FN:17,(anonymous_1)
FN:18,(anonymous_2)
FN:21,(anonymous_3)
FNF:4
FNH:4
FNDA:3,(anonymous_0)
FNDA:22,(anonymous_1)
FNDA:22,(anonymous_2)
FNDA:1,(anonymous_3)
DA:10,2
DA:11,3
DA:17,22
DA:19,22
DA:21,1
DA:31,2
LF:6
LH:6
BRF:0
BRH:0
end_of_record
TN:
SF:src\components\SearchBar.js
FN:4,SearchBar
FNF:1
FNH:1
FNDA:1,SearchBar
DA:5,1
DA:19,1
LF:2
LH:2
BRF:0
BRH:0
end_of_record
TN:
SF:src\components\Titles.js
FN:4,(anonymous_0)
FNF:1
FNH:1
FNDA:3,(anonymous_0)
DA:4,4
DA:5,3
DA:12,4
LF:3
LH:3
BRF:0
BRH:0
end_of_record
TN:
SF:src\screens\Details.js
FN:5,Details
FNF:1
FNH:1
FNDA:1,Details
DA:6,1
LF:1
LH:1
BRF:0
BRH:0
end_of_record
TN:
SF:src\screens\Index.js
FN:6,Index
FN:9,(anonymous_1)
FNF:2
FNH:2
FNDA:1,Index
FNDA:9,(anonymous_1)
DA:7,1
DA:8,1
DA:9,9
DA:10,1
DA:18,1
LF:5
LH:5
BRF:0
BRH:0
end_of_record
